This file contains any messages produced by compilers while
running configure, to aid debugging if configure makes a mistake.

It was created by pingpong configure 0.1, which was
generated by GNU Autoconf 2.68.  Invocation command line was

  $ /home/graeme/Coding/PingPong/configure --enable-maintainer-mode CFLAGS=-g -O0 CXXFLAGS=-g -O0 JFLAGS=-g -O0 FFLAGS=-g -O0 PKG_CONFIG_PATH=:/opt/qt/lib/pkgconfig --no-create --no-recursion

## --------- ##
## Platform. ##
## --------- ##

hostname = clyde
uname -m = i686
uname -r = 2.6.39-ARCH
uname -s = Linux
uname -v = #1 SMP PREEMPT Sat Jul 9 15:31:04 CEST 2011

/usr/bin/uname -p = unknown
/bin/uname -X     = unknown

/bin/arch              = i686
/usr/bin/arch -k       = unknown
/usr/convex/getsysinfo = unknown
/usr/bin/hostinfo      = unknown
/bin/machine           = unknown
/usr/bin/oslevel       = unknown
/bin/universe          = unknown

PATH: /usr/local/bin
PATH: /usr/bin
PATH: /bin
PATH: /usr/local/sbin
PATH: /usr/sbin
PATH: /sbin
PATH: /opt/java/jre/bin
PATH: /opt/kde/bin
PATH: /usr/bin/vendor_perl
PATH: /usr/bin/core_perl
PATH: /opt/qt/bin


## ----------- ##
## Core tests. ##
## ----------- ##

configure:2436: checking for a BSD-compatible install
configure:2504: result: /bin/install -c
configure:2515: checking whether build environment is sane
configure:2565: result: yes
configure:2706: checking for a thread-safe mkdir -p
configure:2745: result: /bin/mkdir -p
configure:2758: checking for gawk
configure:2774: found /usr/bin/gawk
configure:2785: result: gawk
configure:2796: checking whether make sets $(MAKE)
configure:2818: result: yes
configure:2901: checking whether to enable maintainer-specific portions of Makefiles
configure:2910: result: yes
configure:2982: checking for g++
configure:2998: found /usr/bin/g++
configure:3009: result: g++
configure:3036: checking for C++ compiler version
configure:3045: g++ --version >&5
g++ (GCC) 4.6.1
Copyright (C) 2011 Free Software Foundation, Inc.
This is free software; see the source for copying conditions.  There is NO
warranty; not even for MERCHANTABILITY or FITNESS FOR A PARTICULAR PURPOSE.

configure:3056: $? = 0
configure:3045: g++ -v >&5
Using built-in specs.
COLLECT_GCC=g++
COLLECT_LTO_WRAPPER=/usr/lib/gcc/i686-pc-linux-gnu/4.6.1/lto-wrapper
Target: i686-pc-linux-gnu
Configured with: /build/src/gcc-4.6.1/configure --prefix=/usr --libdir=/usr/lib --libexecdir=/usr/lib --mandir=/usr/share/man --infodir=/usr/share/info --with-bugurl=https://bugs.archlinux.org/ --enable-languages=c,c++,ada,fortran,go,lto,objc,obj-c++ --enable-shared --enable-threads=posix --with-system-zlib --enable-__cxa_atexit --disable-libunwind-exceptions --enable-clocale=gnu --enable-gnu-unique-object --enable-linker-build-id --with-ppl --enable-cloog-backend=isl --enable-lto --enable-gold --enable-ld=default --enable-plugin --with-plugin-ld=ld.gold --disable-multilib --disable-libstdcxx-pch --enable-checking=release
Thread model: posix
gcc version 4.6.1 (GCC) 
configure:3056: $? = 0
configure:3045: g++ -V >&5
g++: error: unrecognized option '-V'
g++: fatal error: no input files
compilation terminated.
configure:3056: $? = 1
configure:3045: g++ -qversion >&5
g++: error: unrecognized option '-qversion'
g++: fatal error: no input files
compilation terminated.
configure:3056: $? = 1
configure:3076: checking whether the C++ compiler works
configure:3098: g++ -g -O0   conftest.cpp  >&5
configure:3102: $? = 0
configure:3150: result: yes
configure:3153: checking for C++ compiler default output file name
configure:3155: result: a.out
configure:3161: checking for suffix of executables
configure:3168: g++ -o conftest -g -O0   conftest.cpp  >&5
configure:3172: $? = 0
configure:3194: result: 
configure:3216: checking whether we are cross compiling
configure:3224: g++ -o conftest -g -O0   conftest.cpp  >&5
configure:3228: $? = 0
configure:3235: ./conftest
configure:3239: $? = 0
configure:3254: result: no
configure:3259: checking for suffix of object files
configure:3281: g++ -c -g -O0  conftest.cpp >&5
configure:3285: $? = 0
configure:3306: result: o
configure:3310: checking whether we are using the GNU C++ compiler
configure:3329: g++ -c -g -O0  conftest.cpp >&5
configure:3329: $? = 0
configure:3338: result: yes
configure:3347: checking whether g++ accepts -g
configure:3367: g++ -c -g  conftest.cpp >&5
configure:3367: $? = 0
configure:3408: result: yes
configure:3442: checking for style of include used by make
configure:3470: result: GNU
configure:3495: checking dependency style of g++
configure:3605: result: gcc3
configure:3679: checking for gcc
configure:3695: found /usr/bin/gcc
configure:3706: result: gcc
configure:3935: checking for C compiler version
configure:3944: gcc --version >&5
gcc (GCC) 4.6.1
Copyright (C) 2011 Free Software Foundation, Inc.
This is free software; see the source for copying conditions.  There is NO
warranty; not even for MERCHANTABILITY or FITNESS FOR A PARTICULAR PURPOSE.

configure:3955: $? = 0
configure:3944: gcc -v >&5
Using built-in specs.
COLLECT_GCC=gcc
COLLECT_LTO_WRAPPER=/usr/lib/gcc/i686-pc-linux-gnu/4.6.1/lto-wrapper
Target: i686-pc-linux-gnu
Configured with: /build/src/gcc-4.6.1/configure --prefix=/usr --libdir=/usr/lib --libexecdir=/usr/lib --mandir=/usr/share/man --infodir=/usr/share/info --with-bugurl=https://bugs.archlinux.org/ --enable-languages=c,c++,ada,fortran,go,lto,objc,obj-c++ --enable-shared --enable-threads=posix --with-system-zlib --enable-__cxa_atexit --disable-libunwind-exceptions --enable-clocale=gnu --enable-gnu-unique-object --enable-linker-build-id --with-ppl --enable-cloog-backend=isl --enable-lto --enable-gold --enable-ld=default --enable-plugin --with-plugin-ld=ld.gold --disable-multilib --disable-libstdcxx-pch --enable-checking=release
Thread model: posix
gcc version 4.6.1 (GCC) 
configure:3955: $? = 0
configure:3944: gcc -V >&5
gcc: error: unrecognized option '-V'
gcc: fatal error: no input files
compilation terminated.
configure:3955: $? = 1
configure:3944: gcc -qversion >&5
gcc: error: unrecognized option '-qversion'
gcc: fatal error: no input files
compilation terminated.
configure:3955: $? = 1
configure:3959: checking whether we are using the GNU C compiler
configure:3978: gcc -c -g -O0  conftest.c >&5
configure:3978: $? = 0
configure:3987: result: yes
configure:3996: checking whether gcc accepts -g
configure:4016: gcc -c -g  conftest.c >&5
configure:4016: $? = 0
configure:4057: result: yes
configure:4074: checking for gcc option to accept ISO C89
configure:4138: gcc  -c -g -O0  conftest.c >&5
configure:4138: $? = 0
configure:4151: result: none needed
configure:4173: checking dependency style of gcc
configure:4283: result: gcc3
configure:4304: checking how to run the C preprocessor
configure:4335: gcc -E  conftest.c
configure:4335: $? = 0
configure:4349: gcc -E  conftest.c
conftest.c:12:28: fatal error: ac_nonexistent.h: No such file or directory
compilation terminated.
configure:4349: $? = 1
configure: failed program was:
| /* confdefs.h */
| #define PACKAGE_NAME "pingpong"
| #define PACKAGE_TARNAME "pingpong"
| #define PACKAGE_VERSION "0.1"
| #define PACKAGE_STRING "pingpong 0.1"
| #define PACKAGE_BUGREPORT ""
| #define PACKAGE_URL ""
| #define PACKAGE "pingpong"
| #define VERSION "0.1"
| #define GETTEXT_PACKAGE "pingpong"
| /* end confdefs.h.  */
| #include <ac_nonexistent.h>
configure:4374: result: gcc -E
configure:4394: gcc -E  conftest.c
configure:4394: $? = 0
configure:4408: gcc -E  conftest.c
conftest.c:12:28: fatal error: ac_nonexistent.h: No such file or directory
compilation terminated.
configure:4408: $? = 1
configure: failed program was:
| /* confdefs.h */
| #define PACKAGE_NAME "pingpong"
| #define PACKAGE_TARNAME "pingpong"
| #define PACKAGE_VERSION "0.1"
| #define PACKAGE_STRING "pingpong 0.1"
| #define PACKAGE_BUGREPORT ""
| #define PACKAGE_URL ""
| #define PACKAGE "pingpong"
| #define VERSION "0.1"
| #define GETTEXT_PACKAGE "pingpong"
| /* end confdefs.h.  */
| #include <ac_nonexistent.h>
configure:4437: checking for grep that handles long lines and -e
configure:4495: result: /bin/grep
configure:4500: checking for egrep
configure:4562: result: /bin/grep -E
configure:4567: checking for ANSI C header files
configure:4587: gcc -c -g -O0  conftest.c >&5
configure:4587: $? = 0
configure:4660: gcc -o conftest -g -O0   conftest.c  >&5
configure:4660: $? = 0
configure:4660: ./conftest
configure:4660: $? = 0
configure:4671: result: yes
configure:4684: checking for sys/types.h
configure:4684: gcc -c -g -O0  conftest.c >&5
configure:4684: $? = 0
configure:4684: result: yes
configure:4684: checking for sys/stat.h
configure:4684: gcc -c -g -O0  conftest.c >&5
configure:4684: $? = 0
configure:4684: result: yes
configure:4684: checking for stdlib.h
configure:4684: gcc -c -g -O0  conftest.c >&5
configure:4684: $? = 0
configure:4684: result: yes
configure:4684: checking for string.h
configure:4684: gcc -c -g -O0  conftest.c >&5
configure:4684: $? = 0
configure:4684: result: yes
configure:4684: checking for memory.h
configure:4684: gcc -c -g -O0  conftest.c >&5
configure:4684: $? = 0
configure:4684: result: yes
configure:4684: checking for strings.h
configure:4684: gcc -c -g -O0  conftest.c >&5
configure:4684: $? = 0
configure:4684: result: yes
configure:4684: checking for inttypes.h
configure:4684: gcc -c -g -O0  conftest.c >&5
configure:4684: $? = 0
configure:4684: result: yes
configure:4684: checking for stdint.h
configure:4684: gcc -c -g -O0  conftest.c >&5
configure:4684: $? = 0
configure:4684: result: yes
configure:4684: checking for unistd.h
configure:4684: gcc -c -g -O0  conftest.c >&5
configure:4684: $? = 0
configure:4684: result: yes
configure:4699: checking locale.h usability
configure:4699: gcc -c -g -O0  conftest.c >&5
configure:4699: $? = 0
configure:4699: result: yes
configure:4699: checking locale.h presence
configure:4699: gcc -E  conftest.c
configure:4699: $? = 0
configure:4699: result: yes
configure:4699: checking for locale.h
configure:4699: result: yes
configure:4710: checking for LC_MESSAGES
configure:4726: gcc -o conftest -g -O0   conftest.c  >&5
configure:4726: $? = 0
configure:4734: result: yes
configure:4751: checking libintl.h usability
configure:4751: gcc -c -g -O0  conftest.c >&5
configure:4751: $? = 0
configure:4751: result: yes
configure:4751: checking libintl.h presence
configure:4751: gcc -E  conftest.c
configure:4751: $? = 0
configure:4751: result: yes
configure:4751: checking for libintl.h
configure:4751: result: yes
configure:4759: checking for ngettext in libc
configure:4777: gcc -o conftest -g -O0   conftest.c  >&5
configure:4777: $? = 0
configure:4786: result: yes
configure:4790: checking for dgettext in libc
configure:4808: gcc -o conftest -g -O0   conftest.c  >&5
configure:4808: $? = 0
configure:4817: result: yes
configure:4824: checking for bind_textdomain_codeset
configure:4824: gcc -o conftest -g -O0   conftest.c  >&5
configure:4824: $? = 0
configure:4824: result: yes
configure:5100: checking for msgfmt
configure:5127: result: /usr/bin/msgfmt
configure:5138: checking for dcgettext
configure:5138: gcc -o conftest -g -O0   conftest.c   >&5
conftest.c:49:6: warning: conflicting types for built-in function 'dcgettext' [enabled by default]
configure:5138: $? = 0
configure:5138: result: yes
configure:5148: checking if msgfmt accepts -c
configure:5163: $MSGFMT -c -o /dev/null conftest.foo
configure:5166: $? = 0
configure:5168: result: yes
configure:5178: checking for gmsgfmt
configure:5209: result: /usr/bin/msgfmt
configure:5219: checking for xgettext
configure:5246: result: /usr/bin/xgettext
configure:5265: gcc -o conftest -g -O0   conftest.c   >&5
configure:5265: $? = 0
configure:5401: checking whether NLS is requested
configure:5410: result: yes
configure:5425: checking for intltool >= 0.35.0
configure:5432: result: 0.41.1 found
configure:5440: checking for intltool-update
configure:5458: found /usr/bin/intltool-update
configure:5470: result: /usr/bin/intltool-update
configure:5480: checking for intltool-merge
configure:5498: found /usr/bin/intltool-merge
configure:5510: result: /usr/bin/intltool-merge
configure:5520: checking for intltool-extract
configure:5538: found /usr/bin/intltool-extract
configure:5550: result: /usr/bin/intltool-extract
configure:5681: checking for xgettext
configure:5711: result: /usr/bin/xgettext
configure:5721: checking for msgmerge
configure:5739: found /usr/bin/msgmerge
configure:5751: result: /usr/bin/msgmerge
configure:5761: checking for msgfmt
configure:5791: result: /usr/bin/msgfmt
configure:5801: checking for gmsgfmt
configure:5832: result: /usr/bin/msgfmt
configure:5852: checking for perl
configure:5870: found /usr/bin/perl
configure:5882: result: /usr/bin/perl
configure:5893: checking for perl >= 5.8.1
configure:5900: result: 5.14.1
configure:5904: checking for XML::Parser
configure:5907: result: ok
configure:5990: checking build system type
configure:6004: result: i686-pc-linux-gnu
configure:6024: checking host system type
configure:6037: result: i686-pc-linux-gnu
configure:6078: checking how to print strings
configure:6105: result: printf
configure:6126: checking for a sed that does not truncate output
configure:6190: result: /bin/sed
configure:6208: checking for fgrep
configure:6270: result: /bin/grep -F
configure:6305: checking for ld used by gcc
configure:6372: result: /usr/bin/ld
configure:6379: checking if the linker (/usr/bin/ld) is GNU ld
configure:6394: result: yes
configure:6406: checking for BSD- or MS-compatible name lister (nm)
configure:6455: result: /usr/bin/nm -B
configure:6585: checking the name lister (/usr/bin/nm -B) interface
configure:6592: gcc -c -g -O0  conftest.c >&5
configure:6595: /usr/bin/nm -B "conftest.o"
configure:6598: output
00000000 B some_variable
configure:6605: result: BSD nm
configure:6608: checking whether ln -s works
configure:6612: result: yes
configure:6620: checking the maximum length of command line arguments
configure:6745: result: 1572864
configure:6762: checking whether the shell understands some XSI constructs
configure:6772: result: yes
configure:6776: checking whether the shell understands "+="
configure:6782: result: yes
configure:6817: checking how to convert i686-pc-linux-gnu file names to i686-pc-linux-gnu format
configure:6857: result: func_convert_file_noop
configure:6864: checking how to convert i686-pc-linux-gnu file names to toolchain format
configure:6884: result: func_convert_file_noop
configure:6891: checking for /usr/bin/ld option to reload object files
configure:6898: result: -r
configure:6972: checking for objdump
configure:6988: found /usr/bin/objdump
configure:6999: result: objdump
configure:7031: checking how to recognize dependent libraries
configure:7233: result: pass_all
configure:7318: checking for dlltool
configure:7348: result: no
configure:7378: checking how to associate runtime and link libraries
configure:7405: result: printf %s\n
configure:7465: checking for ar
configure:7481: found /usr/bin/ar
configure:7492: result: ar
configure:7529: checking for archiver @FILE support
configure:7546: gcc -c -g -O0  conftest.c >&5
configure:7546: $? = 0
configure:7549: ar cru libconftest.a @conftest.lst >&5
configure:7552: $? = 0
configure:7557: ar cru libconftest.a @conftest.lst >&5
ar: conftest.o: No such file or directory
configure:7560: $? = 1
configure:7572: result: @
configure:7630: checking for strip
configure:7646: found /usr/bin/strip
configure:7657: result: strip
configure:7729: checking for ranlib
configure:7745: found /usr/bin/ranlib
configure:7756: result: ranlib
configure:7858: checking command to parse /usr/bin/nm -B output from gcc object
configure:7977: gcc -c -g -O0  conftest.c >&5
configure:7980: $? = 0
configure:7984: /usr/bin/nm -B conftest.o \| sed -n -e 's/^.*[ ]\([ABCDGIRSTW][ABCDGIRSTW]*\)[ ][ ]*\([_A-Za-z][_A-Za-z0-9]*\)$/\1 \2 \2/p' | sed '/ __gnu_lto/d' \> conftest.nm
configure:7987: $? = 0
configure:8053: gcc -o conftest -g -O0   conftest.c conftstm.o >&5
configure:8056: $? = 0
configure:8094: result: ok
configure:8131: checking for sysroot
configure:8161: result: no
configure:8404: checking for mt
configure:8434: result: no
configure:8454: checking if : is a manifest tool
configure:8460: : '-?'
configure:8468: result: no
configure:9097: checking for dlfcn.h
configure:9097: gcc -c -g -O0  conftest.c >&5
configure:9097: $? = 0
configure:9097: result: yes
configure:9295: checking for objdir
configure:9310: result: .libs
configure:9577: checking if gcc supports -fno-rtti -fno-exceptions
configure:9595: gcc -c -g -O0  -fno-rtti -fno-exceptions conftest.c >&5
cc1: warning: command line option '-fno-rtti' is valid for C++/ObjC++ but not for C [enabled by default]
configure:9599: $? = 0
configure:9612: result: no
configure:9922: checking for gcc option to produce PIC
configure:9929: result: -fPIC -DPIC
configure:9937: checking if gcc PIC flag -fPIC -DPIC works
configure:9955: gcc -c -g -O0  -fPIC -DPIC -DPIC conftest.c >&5
configure:9959: $? = 0
configure:9972: result: yes
configure:10001: checking if gcc static flag -static works
configure:10029: result: yes
configure:10044: checking if gcc supports -c -o file.o
configure:10065: gcc -c -g -O0  -o out/conftest2.o conftest.c >&5
configure:10069: $? = 0
configure:10091: result: yes
configure:10099: checking if gcc supports -c -o file.o
configure:10146: result: yes
configure:10179: checking whether the gcc linker (/usr/bin/ld) supports shared libraries
configure:11337: result: yes
configure:11374: checking whether -lc should be explicitly linked in
configure:11382: gcc -c -g -O0  conftest.c >&5
configure:11385: $? = 0
configure:11400: gcc -shared  -fPIC -DPIC conftest.o  -v -Wl,-soname -Wl,conftest -o conftest 2\>\&1 \| /bin/grep  -lc  \>/dev/null 2\>\&1
configure:11403: $? = 0
configure:11417: result: no
configure:11582: checking dynamic linker characteristics
configure:12096: gcc -o conftest -g -O0   -Wl,-rpath -Wl,/foo conftest.c  >&5
configure:12096: $? = 0
configure:12318: result: GNU/Linux ld.so
configure:12425: checking how to hardcode library paths into programs
configure:12450: result: immediate
configure:12990: checking whether stripping libraries is possible
configure:12995: result: yes
configure:13030: checking if libtool supports shared libraries
configure:13032: result: yes
configure:13035: checking whether to build shared libraries
configure:13056: result: yes
configure:13059: checking whether to build static libraries
configure:13063: result: yes
configure:13086: checking how to run the C++ preprocessor
configure:13113: g++ -E  conftest.cpp
configure:13113: $? = 0
configure:13127: g++ -E  conftest.cpp
conftest.cpp:30:28: fatal error: ac_nonexistent.h: No such file or directory
compilation terminated.
configure:13127: $? = 1
configure: failed program was:
| /* confdefs.h */
| #define PACKAGE_NAME "pingpong"
| #define PACKAGE_TARNAME "pingpong"
| #define PACKAGE_VERSION "0.1"
| #define PACKAGE_STRING "pingpong 0.1"
| #define PACKAGE_BUGREPORT ""
| #define PACKAGE_URL ""
| #define PACKAGE "pingpong"
| #define VERSION "0.1"
| #define GETTEXT_PACKAGE "pingpong"
| #define STDC_HEADERS 1
| #define HAVE_SYS_TYPES_H 1
| #define HAVE_SYS_STAT_H 1
| #define HAVE_STDLIB_H 1
| #define HAVE_STRING_H 1
| #define HAVE_MEMORY_H 1
| #define HAVE_STRINGS_H 1
| #define HAVE_INTTYPES_H 1
| #define HAVE_STDINT_H 1
| #define HAVE_UNISTD_H 1
| #define HAVE_LOCALE_H 1
| #define HAVE_LC_MESSAGES 1
| #define HAVE_BIND_TEXTDOMAIN_CODESET 1
| #define HAVE_GETTEXT 1
| #define HAVE_DCGETTEXT 1
| #define ENABLE_NLS 1
| #define HAVE_DLFCN_H 1
| #define LT_OBJDIR ".libs/"
| /* end confdefs.h.  */
| #include <ac_nonexistent.h>
configure:13152: result: g++ -E
configure:13172: g++ -E  conftest.cpp
configure:13172: $? = 0
configure:13186: g++ -E  conftest.cpp
conftest.cpp:30:28: fatal error: ac_nonexistent.h: No such file or directory
compilation terminated.
configure:13186: $? = 1
configure: failed program was:
| /* confdefs.h */
| #define PACKAGE_NAME "pingpong"
| #define PACKAGE_TARNAME "pingpong"
| #define PACKAGE_VERSION "0.1"
| #define PACKAGE_STRING "pingpong 0.1"
| #define PACKAGE_BUGREPORT ""
| #define PACKAGE_URL ""
| #define PACKAGE "pingpong"
| #define VERSION "0.1"
| #define GETTEXT_PACKAGE "pingpong"
| #define STDC_HEADERS 1
| #define HAVE_SYS_TYPES_H 1
| #define HAVE_SYS_STAT_H 1
| #define HAVE_STDLIB_H 1
| #define HAVE_STRING_H 1
| #define HAVE_MEMORY_H 1
| #define HAVE_STRINGS_H 1
| #define HAVE_INTTYPES_H 1
| #define HAVE_STDINT_H 1
| #define HAVE_UNISTD_H 1
| #define HAVE_LOCALE_H 1
| #define HAVE_LC_MESSAGES 1
| #define HAVE_BIND_TEXTDOMAIN_CODESET 1
| #define HAVE_GETTEXT 1
| #define HAVE_DCGETTEXT 1
| #define ENABLE_NLS 1
| #define HAVE_DLFCN_H 1
| #define LT_OBJDIR ".libs/"
| /* end confdefs.h.  */
| #include <ac_nonexistent.h>
configure:13356: checking for ld used by g++
configure:13423: result: /usr/bin/ld
configure:13430: checking if the linker (/usr/bin/ld) is GNU ld
configure:13445: result: yes
configure:13500: checking whether the g++ linker (/usr/bin/ld) supports shared libraries
configure:14504: result: yes
configure:14539: g++ -c -g -O0  conftest.cpp >&5
configure:14542: $? = 0
configure:15062: checking for g++ option to produce PIC
configure:15069: result: -fPIC -DPIC
configure:15077: checking if g++ PIC flag -fPIC -DPIC works
configure:15095: g++ -c -g -O0  -fPIC -DPIC -DPIC conftest.cpp >&5
configure:15099: $? = 0
configure:15112: result: yes
configure:15135: checking if g++ static flag -static works
configure:15163: result: yes
configure:15175: checking if g++ supports -c -o file.o
configure:15196: g++ -c -g -O0  -o out/conftest2.o conftest.cpp >&5
configure:15200: $? = 0
configure:15222: result: yes
configure:15227: checking if g++ supports -c -o file.o
configure:15274: result: yes
configure:15304: checking whether the g++ linker (/usr/bin/ld) supports shared libraries
configure:15338: result: yes
configure:15481: checking dynamic linker characteristics
configure:16151: result: GNU/Linux ld.so
configure:16204: checking how to hardcode library paths into programs
configure:16229: result: immediate
configure:16345: checking for pkg-config
configure:16363: found /usr/bin/pkg-config
configure:16375: result: /usr/bin/pkg-config
configure:16400: checking pkg-config is at least version 0.9.0
configure:16403: result: yes
configure:16413: checking for PINGPONG
configure:16421: $PKG_CONFIG --exists --print-errors "freetype2
SDL_mixer SDL_gfx SDL_image sdl SDL_ttf "
configure:16425: $? = 0
configure:16441: $PKG_CONFIG --exists --print-errors "freetype2
SDL_mixer SDL_gfx SDL_image sdl SDL_ttf "
configure:16445: $? = 0
configure:16507: result: yes
configure:16659: creating ./config.status

## ---------------- ##
## Cache variables. ##
## ---------------- ##

ac_cv_build=i686-pc-linux-gnu
ac_cv_c_compiler_gnu=yes
ac_cv_cxx_compiler_gnu=yes
ac_cv_env_CCC_set=
ac_cv_env_CCC_value=
ac_cv_env_CC_set=
ac_cv_env_CC_value=
ac_cv_env_CFLAGS_set=set
ac_cv_env_CFLAGS_value='-g -O0'
ac_cv_env_CPPFLAGS_set=
ac_cv_env_CPPFLAGS_value=
ac_cv_env_CPP_set=
ac_cv_env_CPP_value=
ac_cv_env_CXXCPP_set=
ac_cv_env_CXXCPP_value=
ac_cv_env_CXXFLAGS_set=set
ac_cv_env_CXXFLAGS_value='-g -O0'
ac_cv_env_CXX_set=
ac_cv_env_CXX_value=
ac_cv_env_LDFLAGS_set=
ac_cv_env_LDFLAGS_value=
ac_cv_env_LIBS_set=
ac_cv_env_LIBS_value=
ac_cv_env_PINGPONG_CFLAGS_set=
ac_cv_env_PINGPONG_CFLAGS_value=
ac_cv_env_PINGPONG_LIBS_set=
ac_cv_env_PINGPONG_LIBS_value=
ac_cv_env_PKG_CONFIG_LIBDIR_set=
ac_cv_env_PKG_CONFIG_LIBDIR_value=
ac_cv_env_PKG_CONFIG_PATH_set=set
ac_cv_env_PKG_CONFIG_PATH_value=:/opt/qt/lib/pkgconfig
ac_cv_env_PKG_CONFIG_set=
ac_cv_env_PKG_CONFIG_value=
ac_cv_env_build_alias_set=
ac_cv_env_build_alias_value=
ac_cv_env_host_alias_set=
ac_cv_env_host_alias_value=
ac_cv_env_target_alias_set=
ac_cv_env_target_alias_value=
ac_cv_func_bind_textdomain_codeset=yes
ac_cv_func_dcgettext=yes
ac_cv_header_dlfcn_h=yes
ac_cv_header_inttypes_h=yes
ac_cv_header_libintl_h=yes
ac_cv_header_locale_h=yes
ac_cv_header_memory_h=yes
ac_cv_header_stdc=yes
ac_cv_header_stdint_h=yes
ac_cv_header_stdlib_h=yes
ac_cv_header_string_h=yes
ac_cv_header_strings_h=yes
ac_cv_header_sys_stat_h=yes
ac_cv_header_sys_types_h=yes
ac_cv_header_unistd_h=yes
ac_cv_host=i686-pc-linux-gnu
ac_cv_objext=o
ac_cv_path_EGREP='/bin/grep -E'
ac_cv_path_FGREP='/bin/grep -F'
ac_cv_path_GMSGFMT=/usr/bin/msgfmt
ac_cv_path_GREP=/bin/grep
ac_cv_path_INTLTOOL_EXTRACT=/usr/bin/intltool-extract
ac_cv_path_INTLTOOL_MERGE=/usr/bin/intltool-merge
ac_cv_path_INTLTOOL_PERL=/usr/bin/perl
ac_cv_path_INTLTOOL_UPDATE=/usr/bin/intltool-update
ac_cv_path_MSGFMT=/usr/bin/msgfmt
ac_cv_path_MSGMERGE=/usr/bin/msgmerge
ac_cv_path_SED=/bin/sed
ac_cv_path_XGETTEXT=/usr/bin/xgettext
ac_cv_path_ac_pt_PKG_CONFIG=/usr/bin/pkg-config
ac_cv_path_install='/bin/install -c'
ac_cv_path_mkdir=/bin/mkdir
ac_cv_prog_AWK=gawk
ac_cv_prog_CPP='gcc -E'
ac_cv_prog_CXXCPP='g++ -E'
ac_cv_prog_ac_ct_AR=ar
ac_cv_prog_ac_ct_CC=gcc
ac_cv_prog_ac_ct_CXX=g++
ac_cv_prog_ac_ct_OBJDUMP=objdump
ac_cv_prog_ac_ct_RANLIB=ranlib
ac_cv_prog_ac_ct_STRIP=strip
ac_cv_prog_cc_c89=
ac_cv_prog_cc_g=yes
ac_cv_prog_cxx_g=yes
ac_cv_prog_make_make_set=yes
am_cv_CC_dependencies_compiler_type=gcc3
am_cv_CXX_dependencies_compiler_type=gcc3
am_cv_val_LC_MESSAGES=yes
gt_cv_func_dgettext_libc=yes
gt_cv_func_dgettext_libintl=no
gt_cv_func_ngettext_libc=yes
gt_cv_have_gettext=yes
lt_cv_ar_at_file=@
lt_cv_archive_cmds_need_lc=no
lt_cv_deplibs_check_method=pass_all
lt_cv_file_magic_cmd='$MAGIC_CMD'
lt_cv_file_magic_test_file=
lt_cv_ld_reload_flag=-r
lt_cv_nm_interface='BSD nm'
lt_cv_objdir=.libs
lt_cv_path_LD=/usr/bin/ld
lt_cv_path_LDCXX=/usr/bin/ld
lt_cv_path_NM='/usr/bin/nm -B'
lt_cv_path_mainfest_tool=no
lt_cv_prog_compiler_c_o=yes
lt_cv_prog_compiler_c_o_CXX=yes
lt_cv_prog_compiler_pic='-fPIC -DPIC'
lt_cv_prog_compiler_pic_CXX='-fPIC -DPIC'
lt_cv_prog_compiler_pic_works=yes
lt_cv_prog_compiler_pic_works_CXX=yes
lt_cv_prog_compiler_rtti_exceptions=no
lt_cv_prog_compiler_static_works=yes
lt_cv_prog_compiler_static_works_CXX=yes
lt_cv_prog_gnu_ld=yes
lt_cv_prog_gnu_ldcxx=yes
lt_cv_sharedlib_from_linklib_cmd='printf %s\n'
lt_cv_shlibpath_overrides_runpath=no
lt_cv_sys_global_symbol_pipe='sed -n -e '\''s/^.*[	 ]\([ABCDGIRSTW][ABCDGIRSTW]*\)[	 ][	 ]*\([_A-Za-z][_A-Za-z0-9]*\)$/\1 \2 \2/p'\'' | sed '\''/ __gnu_lto/d'\'''
lt_cv_sys_global_symbol_to_c_name_address='sed -n -e '\''s/^: \([^ ]*\)[ ]*$/  {\"\1\", (void *) 0},/p'\'' -e '\''s/^[ABCDGIRSTW]* \([^ ]*\) \([^ ]*\)$/  {"\2", (void *) \&\2},/p'\'''
lt_cv_sys_global_symbol_to_c_name_address_lib_prefix='sed -n -e '\''s/^: \([^ ]*\)[ ]*$/  {\"\1\", (void *) 0},/p'\'' -e '\''s/^[ABCDGIRSTW]* \([^ ]*\) \(lib[^ ]*\)$/  {"\2", (void *) \&\2},/p'\'' -e '\''s/^[ABCDGIRSTW]* \([^ ]*\) \([^ ]*\)$/  {"lib\2", (void *) \&\2},/p'\'''
lt_cv_sys_global_symbol_to_cdecl='sed -n -e '\''s/^T .* \(.*\)$/extern int \1();/p'\'' -e '\''s/^[ABCDGIRSTW]* .* \(.*\)$/extern char \1;/p'\'''
lt_cv_sys_max_cmd_len=1572864
lt_cv_to_host_file_cmd=func_convert_file_noop
lt_cv_to_tool_file_cmd=func_convert_file_noop
pkg_cv_PINGPONG_CFLAGS='-D_GNU_SOURCE=1 -D_REENTRANT -I/usr/include/freetype2 -I/usr/include/SDL  '
pkg_cv_PINGPONG_LIBS='-lfreetype -lSDL_mixer -lSDL_gfx -lSDL_image -lSDL_ttf -lSDL -lpthread  '

## ----------------- ##
## Output variables. ##
## ----------------- ##

ACLOCAL='${SHELL} /home/graeme/Coding/PingPong/missing --run aclocal-1.11'
ALL_LINGUAS=''
AMDEPBACKSLASH='\'
AMDEP_FALSE='#'
AMDEP_TRUE=''
AMTAR='${SHELL} /home/graeme/Coding/PingPong/missing --run tar'
AM_BACKSLASH='\'
AM_DEFAULT_VERBOSITY='0'
AR='ar'
AUTOCONF='${SHELL} /home/graeme/Coding/PingPong/missing --run autoconf'
AUTOHEADER='${SHELL} /home/graeme/Coding/PingPong/missing --run autoheader'
AUTOMAKE='${SHELL} /home/graeme/Coding/PingPong/missing --run automake-1.11'
AWK='gawk'
CATALOGS=''
CATOBJEXT='.gmo'
CC='gcc'
CCDEPMODE='depmode=gcc3'
CFLAGS='-g -O0'
CPP='gcc -E'
CPPFLAGS=''
CXX='g++'
CXXCPP='g++ -E'
CXXDEPMODE='depmode=gcc3'
CXXFLAGS='-g -O0'
CYGPATH_W='echo'
DATADIRNAME='share'
DEFS='-DHAVE_CONFIG_H'
DEPDIR='.deps'
DLLTOOL='false'
DSYMUTIL=''
DUMPBIN=''
ECHO_C=''
ECHO_N='-n'
ECHO_T=''
EGREP='/bin/grep -E'
EXEEXT=''
FGREP='/bin/grep -F'
GETTEXT_PACKAGE='pingpong'
GMOFILES=''
GMSGFMT='/usr/bin/msgfmt'
GREP='/bin/grep'
INSTALL_DATA='${INSTALL} -m 644'
INSTALL_PROGRAM='${INSTALL}'
INSTALL_SCRIPT='${INSTALL}'
INSTALL_STRIP_PROGRAM='$(install_sh) -c -s'
INSTOBJEXT='.mo'
INTLLIBS=''
INTLTOOL_CAVES_RULE='%.caves:     %.caves.in     $(INTLTOOL_MERGE) $(wildcard $(top_srcdir)/po/*.po) ; LC_ALL=C $(INTLTOOL_MERGE) -d -u -c $(top_builddir)/po/.intltool-merge-cache $(top_srcdir)/po $< $@'
INTLTOOL_DESKTOP_RULE='%.desktop:   %.desktop.in   $(INTLTOOL_MERGE) $(wildcard $(top_srcdir)/po/*.po) ; LC_ALL=C $(INTLTOOL_MERGE) -d -u -c $(top_builddir)/po/.intltool-merge-cache $(top_srcdir)/po $< $@'
INTLTOOL_DIRECTORY_RULE='%.directory: %.directory.in $(INTLTOOL_MERGE) $(wildcard $(top_srcdir)/po/*.po) ; LC_ALL=C $(INTLTOOL_MERGE) -d -u -c $(top_builddir)/po/.intltool-merge-cache $(top_srcdir)/po $< $@'
INTLTOOL_EXTRACT='/usr/bin/intltool-extract'
INTLTOOL_KBD_RULE='%.kbd:       %.kbd.in       $(INTLTOOL_MERGE) $(wildcard $(top_srcdir)/po/*.po) ; LC_ALL=C $(INTLTOOL_MERGE) -x -u -m -c $(top_builddir)/po/.intltool-merge-cache $(top_srcdir)/po $< $@'
INTLTOOL_KEYS_RULE='%.keys:      %.keys.in      $(INTLTOOL_MERGE) $(wildcard $(top_srcdir)/po/*.po) ; LC_ALL=C $(INTLTOOL_MERGE) -k -u -c $(top_builddir)/po/.intltool-merge-cache $(top_srcdir)/po $< $@'
INTLTOOL_MERGE='/usr/bin/intltool-merge'
INTLTOOL_OAF_RULE='%.oaf:       %.oaf.in       $(INTLTOOL_MERGE) $(wildcard $(top_srcdir)/po/*.po) ; LC_ALL=C $(INTLTOOL_MERGE) -o -p $(top_srcdir)/po $< $@'
INTLTOOL_PERL='/usr/bin/perl'
INTLTOOL_POLICY_RULE='%.policy:    %.policy.in    $(INTLTOOL_MERGE) $(wildcard $(top_srcdir)/po/*.po) ; LC_ALL=C $(INTLTOOL_MERGE) -x -u -c $(top_builddir)/po/.intltool-merge-cache $(top_srcdir)/po $< $@'
INTLTOOL_PONG_RULE='%.pong:      %.pong.in      $(INTLTOOL_MERGE) $(wildcard $(top_srcdir)/po/*.po) ; LC_ALL=C $(INTLTOOL_MERGE) -x -u -c $(top_builddir)/po/.intltool-merge-cache $(top_srcdir)/po $< $@'
INTLTOOL_PROP_RULE='%.prop:      %.prop.in      $(INTLTOOL_MERGE) $(wildcard $(top_srcdir)/po/*.po) ; LC_ALL=C $(INTLTOOL_MERGE) -d -u -c $(top_builddir)/po/.intltool-merge-cache $(top_srcdir)/po $< $@'
INTLTOOL_SCHEMAS_RULE='%.schemas:   %.schemas.in   $(INTLTOOL_MERGE) $(wildcard $(top_srcdir)/po/*.po) ; LC_ALL=C $(INTLTOOL_MERGE) -s -u -c $(top_builddir)/po/.intltool-merge-cache $(top_srcdir)/po $< $@'
INTLTOOL_SERVER_RULE='%.server:    %.server.in    $(INTLTOOL_MERGE) $(wildcard $(top_srcdir)/po/*.po) ; LC_ALL=C $(INTLTOOL_MERGE) -o -u -c $(top_builddir)/po/.intltool-merge-cache $(top_srcdir)/po $< $@'
INTLTOOL_SERVICE_RULE='%.service: %.service.in   $(INTLTOOL_MERGE) $(wildcard $(top_srcdir)/po/*.po) ; LC_ALL=C $(INTLTOOL_MERGE) -d -u -c $(top_builddir)/po/.intltool-merge-cache $(top_srcdir)/po $< $@'
INTLTOOL_SHEET_RULE='%.sheet:     %.sheet.in     $(INTLTOOL_MERGE) $(wildcard $(top_srcdir)/po/*.po) ; LC_ALL=C $(INTLTOOL_MERGE) -x -u -c $(top_builddir)/po/.intltool-merge-cache $(top_srcdir)/po $< $@'
INTLTOOL_SOUNDLIST_RULE='%.soundlist: %.soundlist.in $(INTLTOOL_MERGE) $(wildcard $(top_srcdir)/po/*.po) ; LC_ALL=C $(INTLTOOL_MERGE) -d -u -c $(top_builddir)/po/.intltool-merge-cache $(top_srcdir)/po $< $@'
INTLTOOL_THEME_RULE='%.theme:     %.theme.in     $(INTLTOOL_MERGE) $(wildcard $(top_srcdir)/po/*.po) ; LC_ALL=C $(INTLTOOL_MERGE) -d -u -c $(top_builddir)/po/.intltool-merge-cache $(top_srcdir)/po $< $@'
INTLTOOL_UI_RULE='%.ui:        %.ui.in        $(INTLTOOL_MERGE) $(wildcard $(top_srcdir)/po/*.po) ; LC_ALL=C $(INTLTOOL_MERGE) -x -u -c $(top_builddir)/po/.intltool-merge-cache $(top_srcdir)/po $< $@'
INTLTOOL_UPDATE='/usr/bin/intltool-update'
INTLTOOL_XAM_RULE='%.xam:       %.xml.in       $(INTLTOOL_MERGE) $(wildcard $(top_srcdir)/po/*.po) ; LC_ALL=C $(INTLTOOL_MERGE) -x -u -c $(top_builddir)/po/.intltool-merge-cache $(top_srcdir)/po $< $@'
INTLTOOL_XML_NOMERGE_RULE='%.xml:       %.xml.in       $(INTLTOOL_MERGE) ; LC_ALL=C $(INTLTOOL_MERGE) -x -u /tmp $< $@'
INTLTOOL_XML_RULE='%.xml:       %.xml.in       $(INTLTOOL_MERGE) $(wildcard $(top_srcdir)/po/*.po) ; LC_ALL=C $(INTLTOOL_MERGE) -x -u -c $(top_builddir)/po/.intltool-merge-cache $(top_srcdir)/po $< $@'
LD='/usr/bin/ld'
LDFLAGS=''
LIBOBJS=''
LIBS=''
LIBTOOL='$(SHELL) $(top_builddir)/libtool'
LIPO=''
LN_S='ln -s'
LTLIBOBJS=''
MAINT=''
MAINTAINER_MODE_FALSE='#'
MAINTAINER_MODE_TRUE=''
MAKEINFO='${SHELL} /home/graeme/Coding/PingPong/missing --run makeinfo'
MANIFEST_TOOL=':'
MKDIR_P='/bin/mkdir -p'
MKINSTALLDIRS='/home/graeme/Coding/PingPong/mkinstalldirs'
MSGFMT='/usr/bin/msgfmt'
MSGFMT_OPTS='-c'
MSGMERGE='/usr/bin/msgmerge'
NM='/usr/bin/nm -B'
NMEDIT=''
OBJDUMP='objdump'
OBJEXT='o'
OTOOL64=''
OTOOL=''
PACKAGE='pingpong'
PACKAGE_BUGREPORT=''
PACKAGE_NAME='pingpong'
PACKAGE_STRING='pingpong 0.1'
PACKAGE_TARNAME='pingpong'
PACKAGE_URL=''
PACKAGE_VERSION='0.1'
PATH_SEPARATOR=':'
PINGPONG_CFLAGS='-D_GNU_SOURCE=1 -D_REENTRANT -I/usr/include/freetype2 -I/usr/include/SDL  '
PINGPONG_LIBS='-lfreetype -lSDL_mixer -lSDL_gfx -lSDL_image -lSDL_ttf -lSDL -lpthread  '
PKG_CONFIG='/usr/bin/pkg-config'
PKG_CONFIG_LIBDIR=''
PKG_CONFIG_PATH=':/opt/qt/lib/pkgconfig'
POFILES=''
POSUB='po'
PO_IN_DATADIR_FALSE=''
PO_IN_DATADIR_TRUE=''
RANLIB='ranlib'
SED='/bin/sed'
SET_MAKE=''
SHELL='/bin/sh'
STRIP='strip'
USE_NLS='yes'
VERSION='0.1'
XGETTEXT='/usr/bin/xgettext'
ac_ct_AR='ar'
ac_ct_CC='gcc'
ac_ct_CXX='g++'
ac_ct_DUMPBIN=''
am__EXEEXT_FALSE=''
am__EXEEXT_TRUE='#'
am__fastdepCC_FALSE='#'
am__fastdepCC_TRUE=''
am__fastdepCXX_FALSE='#'
am__fastdepCXX_TRUE=''
am__include='include'
am__isrc=' -I$(srcdir)'
am__leading_dot='.'
am__quote=''
am__tar='${AMTAR} chof - "$$tardir"'
am__untar='${AMTAR} xf -'
bindir='${exec_prefix}/bin'
build='i686-pc-linux-gnu'
build_alias=''
build_cpu='i686'
build_os='linux-gnu'
build_vendor='pc'
datadir='${datarootdir}'
datarootdir='${prefix}/share'
docdir='${datarootdir}/doc/${PACKAGE_TARNAME}'
dvidir='${docdir}'
exec_prefix='${prefix}'
host='i686-pc-linux-gnu'
host_alias=''
host_cpu='i686'
host_os='linux-gnu'
host_vendor='pc'
htmldir='${docdir}'
includedir='${prefix}/include'
infodir='${datarootdir}/info'
install_sh='${SHELL} /home/graeme/Coding/PingPong/install-sh'
libdir='${exec_prefix}/lib'
libexecdir='${exec_prefix}/libexec'
localedir='${datarootdir}/locale'
localstatedir='${prefix}/var'
mandir='${datarootdir}/man'
mkdir_p='/bin/mkdir -p'
oldincludedir='/usr/include'
pdfdir='${docdir}'
prefix='/usr/local'
program_transform_name='s,x,x,'
psdir='${docdir}'
sbindir='${exec_prefix}/sbin'
sharedstatedir='${prefix}/com'
sysconfdir='${prefix}/etc'
target_alias=''

## ----------- ##
## confdefs.h. ##
## ----------- ##

/* confdefs.h */
#define PACKAGE_NAME "pingpong"
#define PACKAGE_TARNAME "pingpong"
#define PACKAGE_VERSION "0.1"
#define PACKAGE_STRING "pingpong 0.1"
#define PACKAGE_BUGREPORT ""
#define PACKAGE_URL ""
#define PACKAGE "pingpong"
#define VERSION "0.1"
#define GETTEXT_PACKAGE "pingpong"
#define STDC_HEADERS 1
#define HAVE_SYS_TYPES_H 1
#define HAVE_SYS_STAT_H 1
#define HAVE_STDLIB_H 1
#define HAVE_STRING_H 1
#define HAVE_MEMORY_H 1
#define HAVE_STRINGS_H 1
#define HAVE_INTTYPES_H 1
#define HAVE_STDINT_H 1
#define HAVE_UNISTD_H 1
#define HAVE_LOCALE_H 1
#define HAVE_LC_MESSAGES 1
#define HAVE_BIND_TEXTDOMAIN_CODESET 1
#define HAVE_GETTEXT 1
#define HAVE_DCGETTEXT 1
#define ENABLE_NLS 1
#define HAVE_DLFCN_H 1
#define LT_OBJDIR ".libs/"

configure: exit 0

## ---------------------- ##
## Running config.status. ##
## ---------------------- ##

This file was extended by pingpong config.status 0.1, which was
generated by GNU Autoconf 2.68.  Invocation command line was

  CONFIG_FILES    = 
  CONFIG_HEADERS  = 
  CONFIG_LINKS    = 
  CONFIG_COMMANDS = 
  $ ./config.status 

on clyde

config.status:1233: creating Makefile
config.status:1233: creating src/Makefile
config.status:1233: creating po/Makefile.in
config.status:1233: creating src/data/Makefile
config.status:1233: creating config.h
config.status:1399: config.h is unchanged
config.status:1447: executing depfiles commands
config.status:1447: executing default-1 commands
config.status:1447: executing libtool commands
config.status:1447: executing po/stamp-it commands

## ---------------------- ##
## Running config.status. ##
## ---------------------- ##

This file was extended by pingpong config.status 0.1, which was
generated by GNU Autoconf 2.68.  Invocation command line was

  CONFIG_FILES    = 
  CONFIG_HEADERS  = 
  CONFIG_LINKS    = 
  CONFIG_COMMANDS = 
  $ ./config.status config.h

on clyde

config.status:1233: creating config.h
config.status:1399: config.h is unchanged

## ---------------------- ##
## Running config.status. ##
## ---------------------- ##

This file was extended by pingpong config.status 0.1, which was
generated by GNU Autoconf 2.68.  Invocation command line was

  CONFIG_FILES    = 
  CONFIG_HEADERS  = 
  CONFIG_LINKS    = 
  CONFIG_COMMANDS = 
  $ ./config.status src/Makefile depfiles

on clyde

config.status:1233: creating src/Makefile
config.status:1447: executing depfiles commands

## ---------------------- ##
## Running config.status. ##
## ---------------------- ##

This file was extended by pingpong config.status 0.1, which was
generated by GNU Autoconf 2.68.  Invocation command line was

  CONFIG_FILES    = 
  CONFIG_HEADERS  = 
  CONFIG_LINKS    = 
  CONFIG_COMMANDS = 
  $ ./config.status src/Makefile depfiles

on clyde

config.status:1233: creating src/Makefile
config.status:1447: executing depfiles commands
